[0m19:51:33.339311 [debug] [MainThread]: Sending event: {'category': 'dbt', 'action': 'invocation', 'label': 'start', 'context': [<snowplow_tracker.self_describing_json.SelfDescribingJson object at 0x7f14dcbebc80>, <snowplow_tracker.self_describing_json.SelfDescribingJson object at 0x7f14dd10fad0>, <snowplow_tracker.self_describing_json.SelfDescribingJson object at 0x7f14de555310>]}


============================== 19:51:33.345675 | 9308cce3-10d3-49c5-8b57-807c1a0f9b0c ==============================
[0m19:51:33.345675 [info ] [MainThread]: Running with dbt=1.9.3
[0m19:51:33.346806 [debug] [MainThread]: running dbt with arguments {'printer_width': '80', 'indirect_selection': 'eager', 'write_json': 'True', 'log_cache_events': 'False', 'partial_parse': 'True', 'cache_selected_only': 'False', 'warn_error': 'None', 'fail_fast': 'False', 'debug': 'False', 'log_path': 'logs', 'version_check': 'True', 'profiles_dir': '/home/moren/.dbt', 'use_colors': 'True', 'use_experimental_parser': 'False', 'no_print': 'None', 'quiet': 'False', 'empty': 'None', 'warn_error_options': 'WarnErrorOptions(include=[], exclude=[])', 'static_parser': 'True', 'log_format': 'default', 'invocation_command': 'dbt init', 'target_path': 'None', 'introspect': 'True', 'send_anonymous_usage_stats': 'True'}
[0m19:51:40.726386 [debug] [MainThread]: Starter project path: /home/moren/Documents/dbt-tutorial/.venv/lib/python3.12/site-packages/dbt/include/starter_project
[0m19:51:40.740135 [info ] [MainThread]: 
Your new dbt project "dbt_mmorenoaviles" was created!

For more information on how to configure the profiles.yml file,
please consult the dbt documentation here:

  https://docs.getdbt.com/docs/configure-your-profile

One more thing:

Need help? Don't hesitate to reach out to us via GitHub issues or on Slack:

  https://community.getdbt.com/

Happy modeling!

[0m19:51:40.741112 [info ] [MainThread]: Setting up your profile.
[0m19:53:25.859860 [info ] [MainThread]: Profile dbt_mmorenoaviles written to /home/moren/.dbt/profiles.yml using target's profile_template.yml and your supplied values. Run 'dbt debug' to validate the connection.
[0m19:53:25.864380 [debug] [MainThread]: Resource report: {"command_name": "init", "command_success": true, "command_wall_clock_time": 106.695755, "process_in_blocks": "104", "process_kernel_time": 0.580158, "process_mem_max_rss": "206428", "process_out_blocks": "80", "process_user_time": 5.006078}
[0m19:53:25.865829 [debug] [MainThread]: Command `dbt init` succeeded at 19:53:25.865215 after 106.70 seconds
[0m19:53:25.867636 [debug] [MainThread]: Sending event: {'category': 'dbt', 'action': 'invocation', 'label': 'end', 'context': [<snowplow_tracker.self_describing_json.SelfDescribingJson object at 0x7f14dd164710>, <snowplow_tracker.self_describing_json.SelfDescribingJson object at 0x7f14a8bf0d10>, <snowplow_tracker.self_describing_json.SelfDescribingJson object at 0x7f14a8c88890>]}
[0m19:53:25.869644 [debug] [MainThread]: Flushing usage events
[0m19:53:26.326962 [debug] [MainThread]: An error was encountered while trying to flush usage events
[0m19:53:35.299074 [debug] [MainThread]: Sending event: {'category': 'dbt', 'action': 'invocation', 'label': 'start', 'context': [<snowplow_tracker.self_describing_json.SelfDescribingJson object at 0x7f711676f4d0>, <snowplow_tracker.self_describing_json.SelfDescribingJson object at 0x7f7117a493d0>, <snowplow_tracker.self_describing_json.SelfDescribingJson object at 0x7f7116024d40>]}


============================== 19:53:35.304793 | a980432e-6552-4830-a214-1e2b1c4dbfc9 ==============================
[0m19:53:35.304793 [info ] [MainThread]: Running with dbt=1.9.3
[0m19:53:35.305925 [debug] [MainThread]: running dbt with arguments {'printer_width': '80', 'indirect_selection': 'eager', 'log_cache_events': 'False', 'write_json': 'True', 'partial_parse': 'True', 'cache_selected_only': 'False', 'profiles_dir': '/home/moren/.dbt', 'debug': 'False', 'version_check': 'True', 'log_path': 'logs', 'fail_fast': 'False', 'warn_error': 'None', 'use_colors': 'True', 'use_experimental_parser': 'False', 'empty': 'None', 'quiet': 'False', 'no_print': 'None', 'warn_error_options': 'WarnErrorOptions(include=[], exclude=[])', 'static_parser': 'True', 'invocation_command': 'dbt debug', 'log_format': 'default', 'target_path': 'None', 'introspect': 'True', 'send_anonymous_usage_stats': 'True'}
[0m19:53:35.320665 [info ] [MainThread]: dbt version: 1.9.3
[0m19:53:35.321559 [info ] [MainThread]: python version: 3.12.3
[0m19:53:35.322278 [info ] [MainThread]: python path: /home/moren/Documents/dbt-tutorial/.venv/bin/python3
[0m19:53:35.323012 [info ] [MainThread]: os info: Linux-5.15.167.4-microsoft-standard-WSL2-x86_64-with-glibc2.39
[0m19:53:36.718260 [info ] [MainThread]: Using profiles dir at /home/moren/.dbt
[0m19:53:36.719223 [info ] [MainThread]: Using profiles.yml file at /home/moren/.dbt/profiles.yml
[0m19:53:36.720240 [info ] [MainThread]: Using dbt_project.yml file at /home/moren/Documents/dbt-tutorial/dbt_project.yml
[0m19:53:36.722210 [error] [MainThread]: Encountered an error:
Internal Error
  Profile should not be None if loading profile completed
[0m19:53:36.724385 [debug] [MainThread]: Resource report: {"command_name": "debug", "command_success": false, "command_wall_clock_time": 1.5947909, "process_in_blocks": "0", "process_kernel_time": 0.612576, "process_mem_max_rss": "205676", "process_out_blocks": "8", "process_user_time": 4.931242}
[0m19:53:36.725428 [debug] [MainThread]: Command `dbt debug` failed at 19:53:36.725162 after 1.60 seconds
[0m19:53:36.726313 [debug] [MainThread]: Sending event: {'category': 'dbt', 'action': 'invocation', 'label': 'end', 'context': [<snowplow_tracker.self_describing_json.SelfDescribingJson object at 0x7f7116633260>, <snowplow_tracker.self_describing_json.SelfDescribingJson object at 0x7f70ddd09a60>, <snowplow_tracker.self_describing_json.SelfDescribingJson object at 0x7f70ddf22810>]}
[0m19:53:36.727355 [debug] [MainThread]: Flushing usage events
[0m19:53:37.090459 [debug] [MainThread]: An error was encountered while trying to flush usage events
